<?xml version="1.0" encoding="UTF-8"?>
<!-- Generated by org.testng.reporters.JUnitReportReporter -->
<testsuite hostname="DESKTOP-IHJP9RL" failures="0" tests="4" name="api.test.UserTests" time="14.038" errors="0" timestamp="2024-12-12T19:21:49 IST" skipped="0">
  <testcase classname="api.test.UserTests" name="postUser" time="8.858"/>
  <testcase classname="api.test.UserTests" name="getUserByName" time="1.376"/>
  <testcase classname="api.test.UserTests" name="updateUserByName" time="2.558"/>
  <testcase classname="api.test.UserTests" name="deleteUserByName" time="1.246"/>
</testsuite> <!-- api.test.UserTests -->
