<?xml version="1.0" encoding="UTF-8"?>
<!-- Generated by org.testng.reporters.JUnitReportReporter -->
<testsuite hostname="DESKTOP-IHJP9RL" failures="0" tests="6" name="api.test.DDT" time="24.825" errors="0" timestamp="2024-12-12T17:42:18 IST" skipped="0">
  <testcase classname="api.test.DDT" name="postUser" time="9.328"/>
  <testcase classname="api.test.DDT" name="postUser" time="2.796"/>
  <testcase classname="api.test.DDT" name="postUser" time="3.199"/>
  <testcase classname="api.test.DDT" name="deleteUser" time="2.373"/>
  <testcase classname="api.test.DDT" name="deleteUser" time="4.083"/>
  <testcase classname="api.test.DDT" name="deleteUser" time="3.046"/>
</testsuite> <!-- api.test.DDT -->
