<?xml version="1.0" encoding="UTF-8"?>
<!-- Generated by org.testng.reporters.JUnitReportReporter -->
<testsuite hostname="DESKTOP-IHJP9RL" failures="0" tests="4" name="api.test.UserTests2" time="14.904" errors="0" timestamp="2024-12-13T00:25:25 IST" skipped="0">
  <testcase classname="api.test.UserTests2" name="postUser" time="9.452"/>
  <testcase classname="api.test.UserTests2" name="getUserByName" time="1.550"/>
  <testcase classname="api.test.UserTests2" name="updateUserByName" time="2.601"/>
  <testcase classname="api.test.UserTests2" name="deleteUserByName" time="1.301"/>
</testsuite> <!-- api.test.UserTests2 -->
