<?xml version="1.0" encoding="UTF-8"?>
<!-- Generated by org.testng.reporters.JUnitReportReporter -->
<testsuite hostname="DESKTOP-IHJP9RL" failures="0" tests="4" name="api.test.UserTests2" time="23.444" errors="0" timestamp="2024-12-14T16:18:35 IST" skipped="0">
  <testcase classname="api.test.UserTests2" name="postUser" time="15.278"/>
  <testcase classname="api.test.UserTests2" name="getUserByName" time="2.372"/>
  <testcase classname="api.test.UserTests2" name="updateUserByName" time="4.139"/>
  <testcase classname="api.test.UserTests2" name="deleteUserByName" time="1.655"/>
</testsuite> <!-- api.test.UserTests2 -->
